[2024-05-16 19:29:19] [ ERROR] [BD:30] Nombre de usuario ó password incorrecto
Wrong user name or password [28000-224]
[2024-05-16 19:29:19] [ INFO ] [PacienteDAOH2:24] Iniciando la operación de busqueda
[2024-05-16 19:29:20] [ ERROR] [PacienteDAOH2:42] Nombre de usuario ó password incorrecto
Wrong user name or password [28000-224]
[2024-05-16 19:31:17] [ INFO ] [BD:27] tabla creada con exito
[2024-05-16 19:31:17] [ INFO ] [PacienteDAOH2:24] Iniciando la operación de busqueda
[2024-05-16 19:31:17] [ INFO ] [Domicilio:22] Iniciando la busqueda de un domicilio con id: 2
[2024-05-16 20:13:03] [ INFO ] [BD:33] tabla creada con exito
[2024-05-16 20:13:03] [ INFO ] [OdontologoDAOH2:40] Iniciando la operación de busqueda
[2024-05-16 20:15:38] [ INFO ] [BD:33] tabla creada con exito
[2024-05-16 20:15:38] [ INFO ] [OdontologoDAOH2:40] Iniciando la operación de busqueda
[2024-05-16 20:29:30] [ INFO ] [BD:33] tabla creada con exito
[2024-05-16 20:29:30] [ INFO ] [OdontologoDAOH2:66] Iniciando la operación de busqueda
[2024-05-16 20:29:50] [ INFO ] [BD:33] tabla creada con exito
[2024-05-16 20:29:50] [ INFO ] [OdontologoDAOH2:20] Iniciando la operación de busqueda
[2024-05-16 20:29:50] [ ERROR] [OdontologoDAOH2:36] 
[2024-05-16 20:29:50] [ ERROR] [OdontologoDAOH2:42] 
[2024-05-16 20:32:06] [ INFO ] [BD:33] tabla creada con exito
[2024-05-16 20:32:06] [ INFO ] [OdontologoDAOH2:20] Iniciando la operación de busqueda
[2024-05-16 20:32:06] [ ERROR] [OdontologoDAOH2:36] Metodo permitido unicamente en un query. Use execute ó executeUpdate en lugar de executeQuery
Method is only allowed for a query. Use execute or executeUpdate instead of executeQuery; SQL statement:
INSERT INTO ODONTOLOGOS (NUMERO_MATRICULA, NOMBRE, APELLIDO) VALUES (?,?,?) [90002-224]
[2024-05-16 20:32:16] [ INFO ] [BD:33] tabla creada con exito
[2024-05-16 20:32:16] [ INFO ] [OdontologoDAOH2:20] Iniciando la operación de busqueda
[2024-05-16 20:32:16] [ ERROR] [OdontologoDAOH2:36] Metodo permitido unicamente en un query. Use execute ó executeUpdate en lugar de executeQuery
Method is only allowed for a query. Use execute or executeUpdate instead of executeQuery; SQL statement:
INSERT INTO ODONTOLOGOS (NUMERO_MATRICULA, NOMBRE, APELLIDO) VALUES (?,?,?) [90002-224]
[2024-05-16 20:32:43] [ INFO ] [BD:33] tabla creada con exito
[2024-05-16 20:32:43] [ INFO ] [OdontologoDAOH2:20] Iniciando la operación de creación
[2024-05-16 20:32:43] [ ERROR] [OdontologoDAOH2:36] Metodo permitido unicamente en un query. Use execute ó executeUpdate en lugar de executeQuery
Method is only allowed for a query. Use execute or executeUpdate instead of executeQuery; SQL statement:
INSERT INTO ODONTOLOGOS (NUMERO_MATRICULA, NOMBRE, APELLIDO) VALUES (?,?,?) [90002-224]
[2024-05-16 20:35:33] [ INFO ] [BD:33] tabla creada con exito
[2024-05-16 20:35:33] [ INFO ] [OdontologoDAOH2:20] Iniciando la operación de creación
[2024-05-16 20:35:33] [ ERROR] [OdontologoDAOH2:36] Metodo permitido unicamente en un query. Use execute ó executeUpdate en lugar de executeQuery
Method is only allowed for a query. Use execute or executeUpdate instead of executeQuery; SQL statement:
INSERT INTO ODONTOLOGOS (NUMERO_MATRICULA, NOMBRE, APELLIDO) VALUES (?,?,?) [90002-224]
[2024-05-16 20:41:55] [ INFO ] [BD:33] tabla creada con exito
[2024-05-16 20:41:55] [ INFO ] [OdontologoDAOH2:20] Iniciando la operación de creación
[2024-05-16 20:42:38] [ INFO ] [BD:33] tabla creada con exito
[2024-05-16 20:42:38] [ INFO ] [OdontologoDAOH2:20] Iniciando la operación de creación
[2024-05-16 20:59:51] [ INFO ] [BD:33] tabla creada con exito
[2024-05-16 20:59:51] [ INFO ] [OdontologoDAOH2:21] Iniciando la operación de creación
[2024-05-16 21:01:24] [ INFO ] [BD:33] tabla creada con exito
[2024-05-16 21:01:24] [ INFO ] [OdontologoDAOH2:21] Iniciando la operación de creación
[2024-05-16 21:01:37] [ INFO ] [BD:33] tabla creada con exito
[2024-05-16 21:01:37] [ INFO ] [OdontologoDAOH2:15] Guardando en memoria odontologo
[2024-05-16 21:01:51] [ INFO ] [BD:33] tabla creada con exito
[2024-05-16 21:01:51] [ INFO ] [OdontologoDAOH2:36] Buscando en memoria odontologos
[2024-05-16 21:02:50] [ INFO ] [OdontologoDAOH2:36] Buscando en memoria odontologos
[2024-05-16 21:03:10] [ INFO ] [OdontologoDAOH2:36] Buscando en memoria odontologos
[2024-05-16 21:04:45] [ INFO ] [BD:33] tabla creada con exito
[2024-05-16 21:04:45] [ INFO ] [OdontologoDAOH2:15] Guardando en memoria odontologo
[2024-05-16 21:04:52] [ INFO ] [OdontologoDAOH2:36] Buscando en memoria odontologos
[2024-05-16 21:15:48] [ INFO ] [OdontologoDAOH2:42] Buscando en memoria odontologos
